WARNING:django.request:Not Found: /
INFO:root:faces: 1 at 2023-09-10 15:40:51.590415
INFO:root:faces: 0 at 2023-09-10 15:40:52.543644
INFO:root:faces: 1 at 2023-09-10 15:40:59.158581
INFO:root:faces: 0 at 2023-09-10 15:40:59.603749
INFO:root:faces: 1 at 2023-09-10 15:41:00.710491
INFO:root:faces: 0 at 2023-09-10 15:41:00.842084
INFO:root:faces: 1 at 2023-09-10 15:41:03.668968
INFO:root:faces: 0 at 2023-09-10 15:41:07.384703
INFO:root:faces: 1 at 2023-09-10 15:41:09.270639
INFO:root:faces: 0 at 2023-09-10 15:41:09.385066
INFO:root:faces: 1 at 2023-09-10 15:41:10.523951
INFO:root:faces: 0 at 2023-09-10 15:41:11.617015
INFO:root:faces: 1 at 2023-09-10 15:41:11.756327
INFO:root:faces: 0 at 2023-09-10 15:41:12.030710
INFO:root:faces: 1 at 2023-09-10 15:41:17.147608
INFO:root:faces: 0 at 2023-09-10 15:41:17.282204
INFO:root:faces: 1 at 2023-09-10 15:41:17.569448
INFO:root:faces: 0 at 2023-09-10 15:41:18.374254
INFO:root:faces: 1 at 2023-09-10 15:41:20.889790
INFO:root:faces: 0 at 2023-09-10 15:41:22.237918
INFO:root:faces: 1 at 2023-09-10 15:41:24.424158
INFO:root:faces: 0 at 2023-09-10 15:41:24.565256
INFO:root:faces: 1 at 2023-09-10 15:41:25.608198
INFO:root:faces: 0 at 2023-09-10 15:41:26.411964
INFO:root:faces: 1 at 2023-09-10 15:41:26.528709
INFO:root:faces: 0 at 2023-09-10 15:41:26.771816
INFO:root:faces: 1 at 2023-09-10 15:41:27.022493
INFO:root:faces: 0 at 2023-09-10 15:41:27.434054
INFO:root:faces: 1 at 2023-09-10 15:41:28.744330
INFO:root:faces: 0 at 2023-09-10 15:41:28.872881
INFO:root:faces: 1 at 2023-09-10 15:41:30.351311
INFO:root:faces: 0 at 2023-09-10 15:41:30.491685
INFO:root:faces: 1 at 2023-09-10 15:41:32.544058
INFO:root:faces: 0 at 2023-09-10 15:41:32.985454
INFO:root:faces: 1 at 2023-09-10 15:41:33.135535
INFO:root:faces: 0 at 2023-09-10 15:41:34.617947
INFO:root:faces: 1 at 2023-09-10 15:41:36.093927
INFO:root:faces: 0 at 2023-09-10 15:41:37.692863
INFO:root:faces: 1 at 2023-09-10 15:41:38.053595
INFO:root:faces: 0 at 2023-09-10 15:41:38.159455
INFO:root:faces: 1 at 2023-09-10 15:41:38.282607
INFO:root:faces: 0 at 2023-09-10 15:41:38.388841
INFO:root:faces: 1 at 2023-09-10 15:41:40.346343
INFO:root:faces: 0 at 2023-09-10 15:41:40.917401
INFO:root:faces: 1 at 2023-09-10 15:41:42.315181
INFO:root:faces: 0 at 2023-09-10 15:41:42.588836
WARNING:django.request:Not Found: /
INFO:root:faces: 1 at 2023-09-10 15:59:34.758217
INFO:root:faces: 0 at 2023-09-10 15:59:36.058783
INFO:root:faces: 1 at 2023-09-10 15:59:43.111085
INFO:root:faces: 0 at 2023-09-10 15:59:43.451180
INFO:root:faces: 1 at 2023-09-10 15:59:44.365854
INFO:root:faces: 0 at 2023-09-10 15:59:44.476343
INFO:root:faces: 1 at 2023-09-10 15:59:47.075159
INFO:root:faces: 0 at 2023-09-10 15:59:50.047423
INFO:root:faces: 1 at 2023-09-10 15:59:51.823165
INFO:root:faces: 0 at 2023-09-10 15:59:51.931517
INFO:root:faces: 1 at 2023-09-10 15:59:53.045410
INFO:root:faces: 0 at 2023-09-10 15:59:53.986239
INFO:root:faces: 1 at 2023-09-10 15:59:54.110775
INFO:root:faces: 0 at 2023-09-10 15:59:54.387297
INFO:root:faces: 1 at 2023-09-10 15:59:59.302355
INFO:root:faces: 0 at 2023-09-10 15:59:59.418607
INFO:root:faces: 1 at 2023-09-10 15:59:59.654076
INFO:root:faces: 0 at 2023-09-10 16:00:00.308511
INFO:root:faces: 1 at 2023-09-10 16:00:02.516652
INFO:root:faces: 0 at 2023-09-10 16:00:03.744771
INFO:root:faces: 1 at 2023-09-10 16:00:05.791763
INFO:root:faces: 0 at 2023-09-10 16:00:05.901887
INFO:root:faces: 1 at 2023-09-10 16:00:07.019565
INFO:root:faces: 0 at 2023-09-10 16:00:07.983776
INFO:root:faces: 1 at 2023-09-10 16:00:08.177300
INFO:root:faces: 0 at 2023-09-10 16:00:08.473095
INFO:root:faces: 1 at 2023-09-10 16:00:08.738486
INFO:root:faces: 0 at 2023-09-10 16:00:09.214467
INFO:root:faces: 1 at 2023-09-10 16:00:10.526502
INFO:root:faces: 0 at 2023-09-10 16:00:10.686452
INFO:root:faces: 1 at 2023-09-10 16:00:12.217896
INFO:root:faces: 0 at 2023-09-10 16:00:12.394768
INFO:root:faces: 1 at 2023-09-10 16:00:14.328125
INFO:root:faces: 0 at 2023-09-10 16:00:14.662808
INFO:root:faces: 1 at 2023-09-10 16:00:14.781156
INFO:root:faces: 0 at 2023-09-10 16:00:15.998572
WARNING:django.request:Not Found: /
INFO:root:faces: 1 at 2023-09-10 16:06:44.075477
INFO:root:faces: 0 at 2023-09-10 16:06:45.276511
INFO:root:faces: 1 at 2023-09-10 16:06:52.763284
INFO:root:faces: 0 at 2023-09-10 16:06:53.176545
INFO:root:faces: 1 at 2023-09-10 16:06:54.328149
INFO:root:faces: 0 at 2023-09-10 16:06:54.466219
INFO:root:faces: 1 at 2023-09-10 16:06:57.410953
INFO:root:faces: 0 at 2023-09-10 16:07:00.843352
INFO:root:faces: 1 at 2023-09-10 16:07:02.872005
INFO:root:faces: 0 at 2023-09-10 16:07:03.023033
INFO:root:faces: 1 at 2023-09-10 16:07:04.431598
INFO:root:faces: 0 at 2023-09-10 16:07:05.590443
INFO:root:faces: 1 at 2023-09-10 16:07:05.705969
INFO:root:faces: 0 at 2023-09-10 16:07:06.029009
INFO:root:faces: 1 at 2023-09-10 16:07:11.457480
INFO:root:faces: 0 at 2023-09-10 16:07:11.573263
INFO:root:faces: 1 at 2023-09-10 16:07:11.852272
INFO:root:faces: 0 at 2023-09-10 16:07:12.723625
INFO:root:faces: 1 at 2023-09-10 16:07:15.401123
INFO:root:faces: 0 at 2023-09-10 16:07:16.591810
INFO:root:faces: 1 at 2023-09-10 16:07:18.770037
INFO:root:faces: 0 at 2023-09-10 16:07:18.916851
INFO:root:faces: 1 at 2023-09-10 16:07:20.109145
INFO:root:faces: 0 at 2023-09-10 16:07:21.092568
INFO:root:faces: 1 at 2023-09-10 16:07:21.234598
INFO:root:faces: 0 at 2023-09-10 16:07:21.523853
INFO:root:faces: 1 at 2023-09-10 16:07:21.816012
INFO:root:faces: 0 at 2023-09-10 16:07:22.194876
INFO:root:faces: 1 at 2023-09-10 16:07:23.699564
INFO:root:faces: 0 at 2023-09-10 16:07:23.861291
INFO:root:faces: 1 at 2023-09-10 16:07:25.473144
INFO:root:faces: 0 at 2023-09-10 16:07:25.610189
INFO:root:faces: 1 at 2023-09-10 16:07:27.564120
INFO:root:faces: 0 at 2023-09-10 16:07:27.927246
INFO:root:faces: 1 at 2023-09-10 16:07:28.101648
INFO:root:faces: 0 at 2023-09-10 16:07:29.689015
INFO:root:faces: 1 at 2023-09-10 16:07:31.262768
INFO:root:faces: 0 at 2023-09-10 16:07:32.742402
INFO:root:faces: 1 at 2023-09-10 16:07:33.182876
INFO:root:faces: 0 at 2023-09-10 16:07:33.320594
INFO:root:faces: 1 at 2023-09-10 16:07:33.445973
INFO:root:faces: 0 at 2023-09-10 16:07:33.579637
INFO:root:faces: 1 at 2023-09-10 16:07:36.075000
INFO:root:faces: 0 at 2023-09-10 16:07:36.792314
INFO:root:faces: 1 at 2023-09-10 16:07:38.488471
INFO:root:faces: 0 at 2023-09-10 16:07:38.773369
INFO:root:faces: 1 at 2023-09-10 16:07:43.931718
INFO:root:faces: 0 at 2023-09-10 16:07:44.094273
INFO:root:faces: 1 at 2023-09-10 16:07:53.820517
INFO:root:faces: 0 at 2023-09-10 16:07:53.973857
INFO:root:faces: 1 at 2023-09-10 16:08:00.266842
INFO:root:faces: 0 at 2023-09-10 16:08:00.419699
INFO:root:faces: 1 at 2023-09-10 16:08:05.514651
INFO:root:faces: 0 at 2023-09-10 16:08:06.785721
INFO:root:faces: 1 at 2023-09-10 16:08:14.240730
INFO:root:faces: 0 at 2023-09-10 16:08:14.670960
INFO:root:faces: 1 at 2023-09-10 16:08:15.780335
INFO:root:faces: 0 at 2023-09-10 16:08:15.898925
INFO:root:faces: 1 at 2023-09-10 16:08:16.546912
INFO:root:faces: 1 at 2023-09-10 16:08:16.646712
INFO:root:faces: 0 at 2023-09-10 16:08:16.787510
INFO:root:faces: 1 at 2023-09-10 16:08:17.639653
INFO:root:faces: 0 at 2023-09-10 16:08:17.747671
INFO:root:faces: 0 at 2023-09-10 16:08:17.922199
INFO:root:faces: 1 at 2023-09-10 16:08:18.587224
INFO:root:faces: 1 at 2023-09-10 16:08:18.627018
INFO:root:faces: 0 at 2023-09-10 16:08:18.703203
INFO:root:faces: 1 at 2023-09-10 16:08:24.425778
INFO:root:faces: 0 at 2023-09-10 16:08:24.819115
INFO:django.utils.autoreload:C:\Users\User\Desktop\face_detection\facedetection\facedetection\urls.py changed, reloading.
INFO:django.utils.autoreload:C:\Users\User\Desktop\face_detection\facedetection\mp4\admin.py changed, reloading.
WARNING:django.request:Not Found: /
WARNING:django.request:Not Found: /video
INFO:root:faces: 1 at 2023-09-10 16:10:24.818613
INFO:root:faces: 0 at 2023-09-10 16:10:26.243381
INFO:root:faces: 1 at 2023-09-10 16:10:32.823815
INFO:root:faces: 0 at 2023-09-10 16:10:33.183007
INFO:root:faces: 1 at 2023-09-10 16:10:34.149236
INFO:root:faces: 0 at 2023-09-10 16:10:34.278103
INFO:root:faces: 1 at 2023-09-10 16:10:37.186072
INFO:root:faces: 0 at 2023-09-10 16:10:40.856685
INFO:root:faces: 1 at 2023-09-10 16:10:42.732440
INFO:root:faces: 0 at 2023-09-10 16:10:42.876314
INFO:root:faces: 1 at 2023-09-10 16:10:43.990826
INFO:root:faces: 0 at 2023-09-10 16:10:44.845981
INFO:root:faces: 1 at 2023-09-10 16:10:44.962860
INFO:root:faces: 0 at 2023-09-10 16:10:45.248434
INFO:root:faces: 1 at 2023-09-10 16:10:50.352994
INFO:root:faces: 0 at 2023-09-10 16:10:50.485738
INFO:root:faces: 1 at 2023-09-10 16:10:50.754945
INFO:root:faces: 0 at 2023-09-10 16:10:51.508614
INFO:root:faces: 1 at 2023-09-10 16:10:53.811656
INFO:root:faces: 0 at 2023-09-10 16:10:55.201324
INFO:root:faces: 1 at 2023-09-10 16:10:57.685168
INFO:root:faces: 0 at 2023-09-10 16:10:57.815186
INFO:root:faces: 1 at 2023-09-10 16:10:59.033794
INFO:root:faces: 0 at 2023-09-10 16:10:59.776732
INFO:root:faces: 1 at 2023-09-10 16:10:59.896991
INFO:root:faces: 0 at 2023-09-10 16:11:00.106010
INFO:root:faces: 1 at 2023-09-10 16:11:00.325700
INFO:root:faces: 0 at 2023-09-10 16:11:00.648533
INFO:root:faces: 1 at 2023-09-10 16:11:01.877001
INFO:root:faces: 0 at 2023-09-10 16:11:01.993658
INFO:root:faces: 1 at 2023-09-10 16:11:03.524758
INFO:root:faces: 0 at 2023-09-10 16:11:03.672145
INFO:root:faces: 1 at 2023-09-10 16:11:05.863913
INFO:root:faces: 0 at 2023-09-10 16:11:06.338153
INFO:root:faces: 1 at 2023-09-10 16:11:06.503984
INFO:root:faces: 0 at 2023-09-10 16:11:08.056545
INFO:root:faces: 1 at 2023-09-10 16:11:09.670129
INFO:root:faces: 0 at 2023-09-10 16:11:11.256147
INFO:root:faces: 1 at 2023-09-10 16:11:11.584189
INFO:root:faces: 0 at 2023-09-10 16:11:11.691215
INFO:root:faces: 1 at 2023-09-10 16:11:11.810995
INFO:root:faces: 0 at 2023-09-10 16:11:11.916513
INFO:root:faces: 1 at 2023-09-10 16:11:14.407495
INFO:root:faces: 0 at 2023-09-10 16:11:15.090329
INFO:root:faces: 1 at 2023-09-10 16:11:16.441691
INFO:root:faces: 0 at 2023-09-10 16:11:16.665361
INFO:root:faces: 1 at 2023-09-10 16:11:21.629879
INFO:root:faces: 0 at 2023-09-10 16:11:21.737295
